# gmm-est --write-occs=exp/mono/3.occs --mix-up=101 --power=0.25 exp/mono/2.mdl "gmm-sum-accs - exp/mono/2.*.acc|" exp/mono/3.mdl 
# Started at Thu Sep 27 23:01:10 IST 2018
#
gmm-est --write-occs=exp/mono/3.occs --mix-up=101 --power=0.25 exp/mono/2.mdl 'gmm-sum-accs - exp/mono/2.*.acc|' exp/mono/3.mdl 
gmm-sum-accs - exp/mono/2.1.acc 
LOG (gmm-sum-accs[5.4.260~1-b127]:main():gmm-sum-accs.cc:63) Summed 1 stats, total count 3014, avg like/frame -93.1208
LOG (gmm-sum-accs[5.4.260~1-b127]:main():gmm-sum-accs.cc:66) Total count of stats is 3014
LOG (gmm-sum-accs[5.4.260~1-b127]:main():gmm-sum-accs.cc:67) Written stats to -
LOG (gmm-est[5.4.260~1-b127]:MleUpdate():transition-model.cc:517) TransitionModel::Update, objf change is 0.0106082 per frame over 3014 frames. 
LOG (gmm-est[5.4.260~1-b127]:MleUpdate():transition-model.cc:520) 7 probabilities floored, 207 out of 290 transition-states skipped due to insuffient data (it is normal to have some skipped.)
LOG (gmm-est[5.4.260~1-b127]:main():gmm-est.cc:102) Transition model update: Overall 0.0106082 log-like improvement per frame over 3014 frames.
WARNING (gmm-est[5.4.260~1-b127]:MleDiagGmmUpdate():mle-diag-gmm.cc:365) Gaussian has too little data but not removing it because it is the last Gaussian: i = 0, occ = 0, weight = 1
WARNING (gmm-est[5.4.260~1-b127]:MleDiagGmmUpdate():mle-diag-gmm.cc:365) Gaussian has too little data but not removing it because it is the last Gaussian: i = 0, occ = 0, weight = 1
WARNING (gmm-est[5.4.260~1-b127]:MleDiagGmmUpdate():mle-diag-gmm.cc:365) Gaussian has too little data but not removing it because it is the last Gaussian: i = 0, occ = 0, weight = 1
WARNING (gmm-est[5.4.260~1-b127]:MleDiagGmmUpdate():mle-diag-gmm.cc:365) Gaussian has too little data but not removing it because it is the last Gaussian: i = 0, occ = 0, weight = 1
WARNING (gmm-est[5.4.260~1-b127]:MleDiagGmmUpdate():mle-diag-gmm.cc:365) Gaussian has too little data but not removing it because it is the last Gaussian: i = 0, occ = 0, weight = 1
LOG (gmm-est[5.4.260~1-b127]:MleAmDiagGmmUpdate():mle-am-diag-gmm.cc:225) 0 variance elements floored in 0 Gaussians, out of 70
LOG (gmm-est[5.4.260~1-b127]:MleAmDiagGmmUpdate():mle-am-diag-gmm.cc:229) Removed 0 Gaussians due to counts < --min-gaussian-occupancy=10 and --remove-low-count-gaussians=true
LOG (gmm-est[5.4.260~1-b127]:main():gmm-est.cc:113) GMM update: Overall 0.728036 objective function improvement per frame over 3014 frames
LOG (gmm-est[5.4.260~1-b127]:main():gmm-est.cc:116) GMM update: Overall avg like per frame = -93.1208 over 3014 frames.
LOG (gmm-est[5.4.260~1-b127]:SplitByCount():am-diag-gmm.cc:116) Split 70 states with target = 101, power = 0.25, perturb_factor = 0.01 and min_count = 20, split #Gauss from 70 to 101
LOG (gmm-est[5.4.260~1-b127]:main():gmm-est.cc:146) Written model to exp/mono/3.mdl
# Accounting: time=0 threads=1
# Ended (code 0) at Thu Sep 27 23:01:10 IST 2018, elapsed time 0 seconds
