# compute-mfcc-feats --verbose=2 --config=conf/mfcc.conf scp,p:exp/make_mfcc/train/wav_train.1.scp ark:- | copy-feats --compress=true ark:- ark,scp:/home/pd/Minor/kaldi/egs/digits/mfcc/raw_mfcc_train.1.ark,/home/pd/Minor/kaldi/egs/digits/mfcc/raw_mfcc_train.1.scp 
# Started at Fri Sep 28 17:44:39 IST 2018
#
copy-feats --compress=true ark:- ark,scp:/home/pd/Minor/kaldi/egs/digits/mfcc/raw_mfcc_train.1.ark,/home/pd/Minor/kaldi/egs/digits/mfcc/raw_mfcc_train.1.scp 
compute-mfcc-feats --verbose=2 --config=conf/mfcc.conf scp,p:exp/make_mfcc/train/wav_train.1.scp ark:- 
VLOG[2] (compute-mfcc-feats[5.4.260~1-b127]:main():compute-mfcc-feats.cc:173) Processed features for key jackson_0_0
VLOG[2] (compute-mfcc-feats[5.4.260~1-b127]:main():compute-mfcc-feats.cc:173) Processed features for key jackson_0_1
VLOG[2] (compute-mfcc-feats[5.4.260~1-b127]:main():compute-mfcc-feats.cc:173) Processed features for key jackson_0_2
VLOG[2] (compute-mfcc-feats[5.4.260~1-b127]:main():compute-mfcc-feats.cc:173) Processed features for key jackson_0_3
VLOG[2] (compute-mfcc-feats[5.4.260~1-b127]:main():compute-mfcc-feats.cc:173) Processed features for key jackson_0_4
VLOG[2] (compute-mfcc-feats[5.4.260~1-b127]:main():compute-mfcc-feats.cc:173) Processed features for key jackson_0_5
VLOG[2] (compute-mfcc-feats[5.4.260~1-b127]:main():compute-mfcc-feats.cc:173) Processed features for key jackson_0_6
VLOG[2] (compute-mfcc-feats[5.4.260~1-b127]:main():compute-mfcc-feats.cc:173) Processed features for key jackson_0_7
VLOG[2] (compute-mfcc-feats[5.4.260~1-b127]:main():compute-mfcc-feats.cc:173) Processed features for key jackson_0_8
LOG (compute-mfcc-feats[5.4.260~1-b127]:main():compute-mfcc-feats.cc:172) Processed 10 utterances
VLOG[2] (compute-mfcc-feats[5.4.260~1-b127]:main():compute-mfcc-feats.cc:173) Processed features for key jackson_0_9
VLOG[2] (compute-mfcc-feats[5.4.260~1-b127]:main():compute-mfcc-feats.cc:173) Processed features for key jackson_1_0
VLOG[2] (compute-mfcc-feats[5.4.260~1-b127]:main():compute-mfcc-feats.cc:173) Processed features for key jackson_1_1
VLOG[2] (compute-mfcc-feats[5.4.260~1-b127]:main():compute-mfcc-feats.cc:173) Processed features for key jackson_1_2
VLOG[2] (compute-mfcc-feats[5.4.260~1-b127]:main():compute-mfcc-feats.cc:173) Processed features for key jackson_1_3
VLOG[2] (compute-mfcc-feats[5.4.260~1-b127]:main():compute-mfcc-feats.cc:173) Processed features for key jackson_1_4
VLOG[2] (compute-mfcc-feats[5.4.260~1-b127]:main():compute-mfcc-feats.cc:173) Processed features for key jackson_1_5
VLOG[2] (compute-mfcc-feats[5.4.260~1-b127]:main():compute-mfcc-feats.cc:173) Processed features for key jackson_1_6
VLOG[2] (compute-mfcc-feats[5.4.260~1-b127]:main():compute-mfcc-feats.cc:173) Processed features for key jackson_1_7
VLOG[2] (compute-mfcc-feats[5.4.260~1-b127]:main():compute-mfcc-feats.cc:173) Processed features for key jackson_1_8
LOG (compute-mfcc-feats[5.4.260~1-b127]:main():compute-mfcc-feats.cc:172) Processed 20 utterances
VLOG[2] (compute-mfcc-feats[5.4.260~1-b127]:main():compute-mfcc-feats.cc:173) Processed features for key jackson_1_9
VLOG[2] (compute-mfcc-feats[5.4.260~1-b127]:main():compute-mfcc-feats.cc:173) Processed features for key jackson_2_0
VLOG[2] (compute-mfcc-feats[5.4.260~1-b127]:main():compute-mfcc-feats.cc:173) Processed features for key jackson_2_1
VLOG[2] (compute-mfcc-feats[5.4.260~1-b127]:main():compute-mfcc-feats.cc:173) Processed features for key jackson_2_2
VLOG[2] (compute-mfcc-feats[5.4.260~1-b127]:main():compute-mfcc-feats.cc:173) Processed features for key jackson_2_3
VLOG[2] (compute-mfcc-feats[5.4.260~1-b127]:main():compute-mfcc-feats.cc:173) Processed features for key jackson_2_4
VLOG[2] (compute-mfcc-feats[5.4.260~1-b127]:main():compute-mfcc-feats.cc:173) Processed features for key jackson_2_5
VLOG[2] (compute-mfcc-feats[5.4.260~1-b127]:main():compute-mfcc-feats.cc:173) Processed features for key jackson_2_6
VLOG[2] (compute-mfcc-feats[5.4.260~1-b127]:main():compute-mfcc-feats.cc:173) Processed features for key jackson_2_7
VLOG[2] (compute-mfcc-feats[5.4.260~1-b127]:main():compute-mfcc-feats.cc:173) Processed features for key jackson_2_8
LOG (compute-mfcc-feats[5.4.260~1-b127]:main():compute-mfcc-feats.cc:172) Processed 30 utterances
VLOG[2] (compute-mfcc-feats[5.4.260~1-b127]:main():compute-mfcc-feats.cc:173) Processed features for key jackson_2_9
VLOG[2] (compute-mfcc-feats[5.4.260~1-b127]:main():compute-mfcc-feats.cc:173) Processed features for key nicolas_0_0
VLOG[2] (compute-mfcc-feats[5.4.260~1-b127]:main():compute-mfcc-feats.cc:173) Processed features for key nicolas_0_1
VLOG[2] (compute-mfcc-feats[5.4.260~1-b127]:main():compute-mfcc-feats.cc:173) Processed features for key nicolas_0_2
VLOG[2] (compute-mfcc-feats[5.4.260~1-b127]:main():compute-mfcc-feats.cc:173) Processed features for key nicolas_0_3
VLOG[2] (compute-mfcc-feats[5.4.260~1-b127]:main():compute-mfcc-feats.cc:173) Processed features for key nicolas_0_4
VLOG[2] (compute-mfcc-feats[5.4.260~1-b127]:main():compute-mfcc-feats.cc:173) Processed features for key nicolas_0_5
VLOG[2] (compute-mfcc-feats[5.4.260~1-b127]:main():compute-mfcc-feats.cc:173) Processed features for key nicolas_0_6
VLOG[2] (compute-mfcc-feats[5.4.260~1-b127]:main():compute-mfcc-feats.cc:173) Processed features for key nicolas_0_7
VLOG[2] (compute-mfcc-feats[5.4.260~1-b127]:main():compute-mfcc-feats.cc:173) Processed features for key nicolas_0_8
LOG (compute-mfcc-feats[5.4.260~1-b127]:main():compute-mfcc-feats.cc:172) Processed 40 utterances
VLOG[2] (compute-mfcc-feats[5.4.260~1-b127]:main():compute-mfcc-feats.cc:173) Processed features for key nicolas_0_9
VLOG[2] (compute-mfcc-feats[5.4.260~1-b127]:main():compute-mfcc-feats.cc:173) Processed features for key nicolas_1_0
VLOG[2] (compute-mfcc-feats[5.4.260~1-b127]:main():compute-mfcc-feats.cc:173) Processed features for key nicolas_1_1
VLOG[2] (compute-mfcc-feats[5.4.260~1-b127]:main():compute-mfcc-feats.cc:173) Processed features for key nicolas_1_2
VLOG[2] (compute-mfcc-feats[5.4.260~1-b127]:main():compute-mfcc-feats.cc:173) Processed features for key nicolas_1_3
VLOG[2] (compute-mfcc-feats[5.4.260~1-b127]:main():compute-mfcc-feats.cc:173) Processed features for key nicolas_1_4
VLOG[2] (compute-mfcc-feats[5.4.260~1-b127]:main():compute-mfcc-feats.cc:173) Processed features for key nicolas_1_5
VLOG[2] (compute-mfcc-feats[5.4.260~1-b127]:main():compute-mfcc-feats.cc:173) Processed features for key nicolas_1_6
VLOG[2] (compute-mfcc-feats[5.4.260~1-b127]:main():compute-mfcc-feats.cc:173) Processed features for key nicolas_1_7
VLOG[2] (compute-mfcc-feats[5.4.260~1-b127]:main():compute-mfcc-feats.cc:173) Processed features for key nicolas_1_8
LOG (compute-mfcc-feats[5.4.260~1-b127]:main():compute-mfcc-feats.cc:172) Processed 50 utterances
VLOG[2] (compute-mfcc-feats[5.4.260~1-b127]:main():compute-mfcc-feats.cc:173) Processed features for key nicolas_1_9
VLOG[2] (compute-mfcc-feats[5.4.260~1-b127]:main():compute-mfcc-feats.cc:173) Processed features for key theo_0_0
VLOG[2] (compute-mfcc-feats[5.4.260~1-b127]:main():compute-mfcc-feats.cc:173) Processed features for key theo_0_1
VLOG[2] (compute-mfcc-feats[5.4.260~1-b127]:main():compute-mfcc-feats.cc:173) Processed features for key theo_0_2
VLOG[2] (compute-mfcc-feats[5.4.260~1-b127]:main():compute-mfcc-feats.cc:173) Processed features for key theo_0_3
VLOG[2] (compute-mfcc-feats[5.4.260~1-b127]:main():compute-mfcc-feats.cc:173) Processed features for key theo_0_4
VLOG[2] (compute-mfcc-feats[5.4.260~1-b127]:main():compute-mfcc-feats.cc:173) Processed features for key theo_0_5
VLOG[2] (compute-mfcc-feats[5.4.260~1-b127]:main():compute-mfcc-feats.cc:173) Processed features for key theo_0_6
VLOG[2] (compute-mfcc-feats[5.4.260~1-b127]:main():compute-mfcc-feats.cc:173) Processed features for key theo_0_7
VLOG[2] (compute-mfcc-feats[5.4.260~1-b127]:main():compute-mfcc-feats.cc:173) Processed features for key theo_0_8
LOG (compute-mfcc-feats[5.4.260~1-b127]:main():compute-mfcc-feats.cc:172) Processed 60 utterances
VLOG[2] (compute-mfcc-feats[5.4.260~1-b127]:main():compute-mfcc-feats.cc:173) Processed features for key theo_0_9
VLOG[2] (compute-mfcc-feats[5.4.260~1-b127]:main():compute-mfcc-feats.cc:173) Processed features for key theo_3_0
VLOG[2] (compute-mfcc-feats[5.4.260~1-b127]:main():compute-mfcc-feats.cc:173) Processed features for key theo_3_1
VLOG[2] (compute-mfcc-feats[5.4.260~1-b127]:main():compute-mfcc-feats.cc:173) Processed features for key theo_3_2
VLOG[2] (compute-mfcc-feats[5.4.260~1-b127]:main():compute-mfcc-feats.cc:173) Processed features for key theo_3_3
VLOG[2] (compute-mfcc-feats[5.4.260~1-b127]:main():compute-mfcc-feats.cc:173) Processed features for key theo_3_4
VLOG[2] (compute-mfcc-feats[5.4.260~1-b127]:main():compute-mfcc-feats.cc:173) Processed features for key theo_3_5
VLOG[2] (compute-mfcc-feats[5.4.260~1-b127]:main():compute-mfcc-feats.cc:173) Processed features for key theo_3_6
VLOG[2] (compute-mfcc-feats[5.4.260~1-b127]:main():compute-mfcc-feats.cc:173) Processed features for key theo_3_7
VLOG[2] (compute-mfcc-feats[5.4.260~1-b127]:main():compute-mfcc-feats.cc:173) Processed features for key theo_3_8
LOG (compute-mfcc-feats[5.4.260~1-b127]:main():compute-mfcc-feats.cc:172) Processed 70 utterances
VLOG[2] (compute-mfcc-feats[5.4.260~1-b127]:main():compute-mfcc-feats.cc:173) Processed features for key theo_3_9
VLOG[2] (compute-mfcc-feats[5.4.260~1-b127]:main():compute-mfcc-feats.cc:173) Processed features for key theo_4_0
VLOG[2] (compute-mfcc-feats[5.4.260~1-b127]:main():compute-mfcc-feats.cc:173) Processed features for key theo_4_1
VLOG[2] (compute-mfcc-feats[5.4.260~1-b127]:main():compute-mfcc-feats.cc:173) Processed features for key theo_4_2
VLOG[2] (compute-mfcc-feats[5.4.260~1-b127]:main():compute-mfcc-feats.cc:173) Processed features for key theo_4_3
VLOG[2] (compute-mfcc-feats[5.4.260~1-b127]:main():compute-mfcc-feats.cc:173) Processed features for key theo_4_4
VLOG[2] (compute-mfcc-feats[5.4.260~1-b127]:main():compute-mfcc-feats.cc:173) Processed features for key theo_4_5
VLOG[2] (compute-mfcc-feats[5.4.260~1-b127]:main():compute-mfcc-feats.cc:173) Processed features for key theo_4_6
VLOG[2] (compute-mfcc-feats[5.4.260~1-b127]:main():compute-mfcc-feats.cc:173) Processed features for key theo_4_7
VLOG[2] (compute-mfcc-feats[5.4.260~1-b127]:main():compute-mfcc-feats.cc:173) Processed features for key theo_4_8
LOG (compute-mfcc-feats[5.4.260~1-b127]:main():compute-mfcc-feats.cc:172) Processed 80 utterances
VLOG[2] (compute-mfcc-feats[5.4.260~1-b127]:main():compute-mfcc-feats.cc:173) Processed features for key theo_4_9
LOG (compute-mfcc-feats[5.4.260~1-b127]:main():compute-mfcc-feats.cc:176)  Done 80 out of 80 utterances.
LOG (copy-feats[5.4.260~1-b127]:main():copy-feats.cc:143) Copied 80 feature matrices.
# Accounting: time=0 threads=1
# Ended (code 0) at Fri Sep 28 17:44:39 IST 2018, elapsed time 0 seconds
